--- Startup times for process: Primary (or UI client) ---

times in msec
 clock   self+sourced   self:  sourced script
 clock   elapsed:              other lines

000.001  000.001: --- NVIM STARTING ---
000.137  000.136: event init
000.221  000.084: early init
000.257  000.036: locale set
000.294  000.037: init first window
000.663  000.368: inits 1
000.672  000.009: window checked
000.675  000.003: parsing arguments
001.124  000.041  000.041: require('vim.shared')
001.214  000.036  000.036: require('vim.inspect')
001.253  000.033  000.033: require('vim._options')
001.255  000.127  000.058: require('vim._editor')
001.256  000.196  000.028: require('vim._init_packages')
001.258  000.387: init lua interpreter
003.974  002.715: nvim_ui_attach
004.258  000.284: nvim_set_client_info
004.262  000.004: --- NVIM STARTED ---

--- Startup times for process: Embedded ---

times in msec
 clock   self+sourced   self:  sourced script
 clock   elapsed:              other lines

000.001  000.001: --- NVIM STARTING ---
000.203  000.202: event init
000.323  000.120: early init
000.381  000.058: locale set
000.434  000.054: init first window
000.846  000.412: inits 1
000.863  000.017: window checked
000.866  000.003: parsing arguments
001.246  000.033  000.033: require('vim.shared')
001.317  000.032  000.032: require('vim.inspect')
001.351  000.029  000.029: require('vim._options')
001.353  000.105  000.044: require('vim._editor')
001.354  000.161  000.023: require('vim._init_packages')
001.356  000.330: init lua interpreter
001.441  000.085: expanding arguments
001.457  000.016: inits 2
001.644  000.187: init highlight
001.644  000.001: waiting for UI
001.793  000.149: done waiting for UI
001.803  000.009: clear screen
001.925  000.015  000.015: require('vim.keymap')
002.538  000.108  000.108: sourcing nvim_exec2()
002.658  000.854  000.731: require('vim._defaults')
002.660  000.003: init default mappings & autocommands
002.971  000.065  000.065: sourcing /usr/local/share/nvim/runtime/ftplugin.vim
003.010  000.016  000.016: sourcing /usr/local/share/nvim/runtime/indent.vim
003.154  000.108  000.108: sourcing /usr/share/nvim/archlinux.lua
003.156  000.123  000.015: sourcing /etc/xdg/nvim/sysinit.vim
003.692  000.169  000.169: require('config.globals')
005.439  000.074  000.074: require('vim.treesitter.language')
005.466  000.019  000.019: require('vim.func')
005.519  000.051  000.051: require('vim.func._memoize')
005.571  000.631  000.487: require('vim.treesitter.query')
005.655  000.082  000.082: require('vim.treesitter._range')
005.685  001.205  000.492: require('vim.treesitter.languagetree')
005.699  001.407  000.202: require('vim.treesitter')
005.982  000.280  000.280: require('vim.treesitter._fold')
006.049  002.355  000.668: require('config.options')
006.355  000.304  000.304: require('config.keymaps')
006.497  000.073  000.073: require('utils.lsp')
006.558  000.201  000.128: require('config.autocmds')
006.679  000.120  000.120: require('lazy')
006.715  000.021  000.021: require('ffi')
006.805  000.052  000.052: require('vim.fs')
006.883  000.077  000.077: require('vim.uri')
006.927  000.209  000.080: require('vim.loader')
007.142  000.197  000.197: require('lazy.stats')
007.301  000.137  000.137: require('lazy.core.util')
007.371  000.069  000.069: require('lazy.core.config')
007.549  000.047  000.047: require('lazy.core.handler')
007.678  000.033  000.033: require('lazy.pkg')
007.682  000.075  000.042: require('lazy.core.meta')
007.686  000.135  000.060: require('lazy.core.plugin')
007.690  000.318  000.136: require('lazy.core.loader')
007.939  000.085  000.085: require('lazy.core.fragments')
009.864  000.097  000.097: require('lazy.core.handler.keys')
010.029  000.149  000.149: require('lazy.core.handler.cmd')
010.310  000.184  000.184: require('lazy.core.handler.event')
010.312  000.281  000.097: require('lazy.core.handler.ft')
011.618  000.138  000.138: sourcing nvim_exec2() called at /usr/local/share/nvim/runtime/filetype.lua:0
011.625  000.212  000.074: sourcing /usr/local/share/nvim/runtime/filetype.lua
011.628  000.278  000.066: sourcing nvim_exec2() called at /home/biignoisee/.config/nvim/init.lua:0
011.969  000.060  000.060: sourcing /home/biignoisee/.local/share/nvim/lazy/lush.nvim/plugin/lush.vim
011.972  000.079  000.020: sourcing nvim_exec2() called at /home/biignoisee/.config/nvim/init.lua:0
011.978  000.001  000.001: sourcing nvim_exec2() called at /home/biignoisee/.config/nvim/init.lua:0
011.985  000.001  000.001: sourcing nvim_exec2() called at /home/biignoisee/.config/nvim/init.lua:0
011.994  000.001  000.001: sourcing nvim_exec2() called at /home/biignoisee/.config/nvim/init.lua:0
011.999  000.001  000.001: sourcing nvim_exec2() called at /home/biignoisee/.config/nvim/init.lua:0
012.771  000.051  000.051: require('lush.math')
012.819  000.045  000.045: require('lush.vivid.rgb.convert')
012.821  000.145  000.050: require('lush.vivid.hsl.convert')
012.888  000.065  000.065: require('lush.vivid.hsl_like')
012.889  000.321  000.110: require('lush.vivid.hsl.type')
013.090  000.069  000.069: require('lush.vivid.hsluv.lib')
013.093  000.143  000.074: require('lush.vivid.hsluv.convert')
013.094  000.204  000.060: require('lush.vivid.hsluv.type')
013.100  000.621  000.096: require('lush')
013.113  001.100  000.479: require('bluloco')
015.665  000.093  000.093: require('lush.errors')
015.681  000.253  000.161: require('lush.parser')
020.276  006.598  006.345: require('lush_theme.bluloco')
021.721  000.151  000.151: sourcing nvim_exec2() called at /home/biignoisee/.local/share/nvim/lazy/bluloco.nvim/colors/bluloco.lua:0
021.807  000.081  000.081: require('lush.compiler')
024.548  010.912  004.081: sourcing /home/biignoisee/.local/share/nvim/lazy/bluloco.nvim/colors/bluloco.lua
025.970  000.349  000.349: require('snacks')
025.975  000.478  000.129: sourcing /home/biignoisee/.local/share/nvim/lazy/snacks.nvim/plugin/snacks.lua
025.980  000.510  000.032: sourcing nvim_exec2() called at /home/biignoisee/.config/nvim/init.lua:0
025.989  000.004  000.004: sourcing nvim_exec2() called at /home/biignoisee/.config/nvim/init.lua:0
026.017  000.001  000.001: sourcing nvim_exec2() called at /home/biignoisee/.config/nvim/init.lua:0
026.216  000.002  000.002: sourcing nvim_exec2() called at /home/biignoisee/.config/nvim/init.lua:0
026.225  000.001  000.001: sourcing nvim_exec2() called at /home/biignoisee/.config/nvim/init.lua:0
027.636  001.404  001.404: require('mini.ai')
028.179  000.011  000.011: sourcing nvim_exec2() called at /home/biignoisee/.config/nvim/init.lua:0
028.189  000.001  000.001: sourcing nvim_exec2() called at /home/biignoisee/.config/nvim/init.lua:0
028.479  000.050  000.050: sourcing /home/biignoisee/.local/share/nvim/lazy/plenary.nvim/plugin/plenary.vim
028.484  000.095  000.045: sourcing nvim_exec2() called at /home/biignoisee/.config/nvim/init.lua:0
028.490  000.001  000.001: sourcing nvim_exec2() called at /home/biignoisee/.config/nvim/init.lua:0
028.499  000.001  000.001: sourcing nvim_exec2() called at /home/biignoisee/.config/nvim/init.lua:0
028.759  000.111  000.111: sourcing /home/biignoisee/.local/share/nvim/lazy/FixCursorHold.nvim/plugin/fix_cursorhold_nvim.vim
028.763  000.132  000.021: sourcing nvim_exec2() called at /home/biignoisee/.config/nvim/init.lua:0
028.768  000.001  000.001: sourcing nvim_exec2() called at /home/biignoisee/.config/nvim/init.lua:0
028.777  000.001  000.001: sourcing nvim_exec2() called at /home/biignoisee/.config/nvim/init.lua:0
029.223  000.222  000.222: sourcing /home/biignoisee/.local/share/nvim/lazy/nvim-treesitter/plugin/filetypes.lua
029.227  000.245  000.024: sourcing nvim_exec2() called at /home/biignoisee/.config/nvim/init.lua:0
029.322  000.073  000.073: sourcing /home/biignoisee/.local/share/nvim/lazy/nvim-treesitter/plugin/nvim-treesitter.lua
029.325  000.093  000.019: sourcing nvim_exec2() called at /home/biignoisee/.config/nvim/init.lua:0
029.373  000.030  000.030: sourcing /home/biignoisee/.local/share/nvim/lazy/nvim-treesitter/plugin/query_predicates.lua
029.375  000.046  000.016: sourcing nvim_exec2() called at /home/biignoisee/.config/nvim/init.lua:0
029.379  000.001  000.001: sourcing nvim_exec2() called at /home/biignoisee/.config/nvim/init.lua:0
029.386  000.001  000.001: sourcing nvim_exec2() called at /home/biignoisee/.config/nvim/init.lua:0
029.619  000.229  000.229: require('nvim-treesitter.config')
029.661  000.002  000.002: sourcing nvim_exec2() called at /home/biignoisee/.config/nvim/init.lua:0
029.667  000.001  000.001: sourcing nvim_exec2() called at /home/biignoisee/.config/nvim/init.lua:0
029.764  000.060  000.060: sourcing /home/biignoisee/.local/share/nvim/lazy/neotest/plugin/neotest.lua
029.767  000.078  000.018: sourcing nvim_exec2() called at /home/biignoisee/.config/nvim/init.lua:0
029.771  000.001  000.001: sourcing nvim_exec2() called at /home/biignoisee/.config/nvim/init.lua:0
029.778  000.001  000.001: sourcing nvim_exec2() called at /home/biignoisee/.config/nvim/init.lua:0
029.938  000.044  000.044: require('nio.tasks')
029.980  000.041  000.041: require('nio.control')
030.101  000.120  000.120: require('nio.uv')
030.161  000.057  000.057: require('nio.tests')
030.266  000.066  000.066: require('vim.ui')
030.287  000.125  000.059: require('nio.ui')
030.354  000.035  000.035: require('nio.streams')
030.356  000.068  000.032: require('nio.file')
030.453  000.025  000.025: require('nio.util')
030.532  000.064  000.064: require('vim.iter')
030.565  000.172  000.083: require('nio.logger')
030.569  000.212  000.041: require('nio.lsp')
030.604  000.034  000.034: require('nio.process')
030.616  000.761  000.062: require('nio')
030.739  000.039  000.039: sourcing nvim_exec2() called at /home/biignoisee/.config/nvim/init.lua:0
030.924  000.005  000.005: require('vim.F')
030.966  000.220  000.215: require('vim.diagnostic')
030.970  000.353  000.094: require('neotest.config')
030.972  001.161  000.046: require('neotest')
031.238  000.029  000.029: require('neotest.lib.require')
031.247  000.073  000.045: require('neotest.lib')
031.310  000.030  000.030: require('neotest.utils')
031.341  000.093  000.063: require('neotest.logging')
031.379  000.037  000.037: require('neotest-pest.utils')
031.431  000.051  000.051: require('neotest-pest.config')
031.434  000.461  000.207: require('neotest-pest')
031.785  000.047  000.047: require('neotest.adapters')
031.914  000.030  000.030: require('neotest.client.events')
031.918  000.067  000.037: require('neotest.client.state')
031.958  000.040  000.040: require('neotest.client.runner')
032.008  000.049  000.049: require('neotest.client.strategies')
032.013  000.226  000.071: require('neotest.client')
032.102  000.036  000.036: require('neotest.consumers.run')
032.140  000.037  000.037: require('neotest.consumers.diagnostic')
032.173  000.032  000.032: require('neotest.consumers.status')
032.209  000.034  000.034: require('neotest.consumers.output')
032.267  000.026  000.026: require('neotest.consumers.output_panel.panel')
032.270  000.060  000.034: require('neotest.consumers.output_panel')
032.451  000.024  000.024: require('neotest.lib.func_util.memoize')
032.454  000.055  000.031: require('neotest.lib.func_util')
032.457  000.088  000.033: require('neotest.types.tree')
032.483  000.024  000.024: require('neotest.types.fanout_accum')
032.484  000.141  000.028: require('neotest.types')
032.523  000.038  000.038: require('neotest.consumers.summary.canvas')
032.574  000.051  000.051: require('neotest.consumers.summary.component')
032.578  000.273  000.043: require('neotest.consumers.summary.summary')
032.584  000.313  000.040: require('neotest.consumers.summary')
032.616  000.032  000.032: require('neotest.consumers.jump')
032.710  000.002  000.002: require('jit.profile')
032.793  000.081  000.081: require('jit.vmdef')
032.796  000.128  000.045: require('plenary.profile.p')
032.798  000.153  000.025: require('plenary.profile')
032.801  000.184  000.031: require('neotest.consumers.benchmark')
032.836  000.033  000.033: require('neotest.consumers.quickfix')
032.903  000.032  000.032: require('neotest.consumers.state.tracker')
032.905  000.068  000.036: require('neotest.consumers.state')
033.045  000.049  000.049: require('neotest.consumers.watch.watcher')
033.049  000.142  000.094: require('neotest.consumers.watch')
033.053  001.036  000.065: require('neotest.consumers')
033.179  000.036  000.036: require('neotest.lib.window')
033.517  000.029  000.029: sourcing /home/biignoisee/.local/share/nvim/lazy/nvim-web-devicons/plugin/nvim-web-devicons.vim
033.521  000.053  000.025: sourcing nvim_exec2() called at /home/biignoisee/.config/nvim/init.lua:0
033.526  000.002  000.002: sourcing nvim_exec2() called at /home/biignoisee/.config/nvim/init.lua:0
033.534  000.001  000.001: sourcing nvim_exec2() called at /home/biignoisee/.config/nvim/init.lua:0
033.796  000.067  000.067: require('nvim-web-devicons.filetypes')
034.188  000.353  000.353: require('nvim-web-devicons.default.icons_by_filename')
034.754  000.564  000.564: require('nvim-web-devicons.default.icons_by_file_extension')
034.877  000.122  000.122: require('nvim-web-devicons.default.icons_by_operating_system')
034.923  000.045  000.045: require('nvim-web-devicons.default.icons_by_desktop_environment')
034.973  000.048  000.048: require('nvim-web-devicons.default.icons_by_window_manager')
034.974  001.168  000.036: require('nvim-web-devicons.icons-default')
035.187  001.616  000.382: require('nvim-web-devicons')
037.563  000.009  000.009: sourcing nvim_exec2() called at /home/biignoisee/.config/nvim/init.lua:0
037.573  000.001  000.001: sourcing nvim_exec2() called at /home/biignoisee/.config/nvim/init.lua:0
037.864  000.256  000.256: require('oil')
038.038  000.171  000.171: require('oil.ringbuf')
038.139  000.100  000.100: require('oil.config')
041.166  002.909  002.909: require('vim.filetype')
041.642  000.034  000.034: require('oil.log')
041.654  000.138  000.105: require('oil.fs')
041.767  000.024  000.024: require('oil.constants')
041.780  000.125  000.102: require('oil.util')
041.842  000.009  000.009: sourcing nvim_exec2() called at /home/biignoisee/.config/nvim/init.lua:0
041.850  000.001  000.001: sourcing nvim_exec2() called at /home/biignoisee/.config/nvim/init.lua:0
042.052  000.195  000.195: require('mini.move')
042.179  000.003  000.003: sourcing nvim_exec2() called at /home/biignoisee/.config/nvim/init.lua:0
042.185  000.001  000.001: sourcing nvim_exec2() called at /home/biignoisee/.config/nvim/init.lua:0
042.499  000.290  000.290: require('mini.surround')
046.222  000.010  000.010: sourcing nvim_exec2() called at /home/biignoisee/.config/nvim/init.lua:0
046.232  000.001  000.001: sourcing nvim_exec2() called at /home/biignoisee/.config/nvim/init.lua:0
046.599  000.356  000.356: require('mini.notify')
046.747  000.004  000.004: sourcing nvim_exec2() called at /home/biignoisee/.config/nvim/init.lua:0
046.753  000.001  000.001: sourcing nvim_exec2() called at /home/biignoisee/.config/nvim/init.lua:0
047.019  000.260  000.260: require('mini.comment')
047.227  000.004  000.004: sourcing nvim_exec2() called at /home/biignoisee/.config/nvim/init.lua:0
047.234  000.001  000.001: sourcing nvim_exec2() called at /home/biignoisee/.config/nvim/init.lua:0
047.458  000.217  000.217: require('mini.cursorword')
047.597  000.004  000.004: sourcing nvim_exec2() called at /home/biignoisee/.config/nvim/init.lua:0
047.603  000.001  000.001: sourcing nvim_exec2() called at /home/biignoisee/.config/nvim/init.lua:0
047.953  000.343  000.343: require('mini.pairs')
049.617  001.024  001.024: sourcing /home/biignoisee/.local/share/nvim/lazy/vim-fugitive/plugin/fugitive.vim
049.628  001.059  000.035: sourcing nvim_exec2() called at /home/biignoisee/.config/nvim/init.lua:0
049.643  000.001  000.001: sourcing nvim_exec2() called at /home/biignoisee/.config/nvim/init.lua:0
049.713  000.007  000.007: sourcing /home/biignoisee/.local/share/nvim/lazy/vim-fugitive/ftdetect/fugitive.vim
049.715  000.031  000.024: sourcing nvim_exec2() called at /home/biignoisee/.config/nvim/init.lua:0
049.718  000.001  000.001: sourcing nvim_exec2() called at /home/biignoisee/.config/nvim/init.lua:0
050.141  000.093  000.093: sourcing /home/biignoisee/.local/share/nvim/lazy/nvim-dap/plugin/dap.lua
050.145  000.111  000.018: sourcing nvim_exec2() called at /home/biignoisee/.config/nvim/init.lua:0
050.150  000.002  000.002: sourcing nvim_exec2() called at /home/biignoisee/.config/nvim/init.lua:0
050.156  000.001  000.001: sourcing nvim_exec2() called at /home/biignoisee/.config/nvim/init.lua:0
050.164  000.001  000.001: sourcing nvim_exec2() called at /home/biignoisee/.config/nvim/init.lua:0
050.169  000.001  000.001: sourcing nvim_exec2() called at /home/biignoisee/.config/nvim/init.lua:0
050.636  000.056  000.056: require('dap.utils')
050.682  000.288  000.232: require('dap')
050.994  000.014  000.014: sourcing nvim_exec2() called at /home/biignoisee/.config/nvim/init.lua:0
050.998  000.062  000.048: require('dapui.config.highlights')
051.036  000.035  000.035: sourcing nvim_exec2() called at /home/biignoisee/.config/nvim/init.lua:0
051.105  000.289  000.193: require('dapui.config')
051.155  000.395  000.106: require('dapui.util')
051.206  000.050  000.050: require('dapui.windows.layout')
051.209  000.525  000.080: require('dapui.windows')
051.279  000.068  000.068: require('dapui.controls')
051.284  001.111  000.229: require('dapui')
051.385  000.026  000.026: sourcing nvim_exec2() called at /home/biignoisee/.config/nvim/init.lua:0
051.558  000.055  000.055: require('dapui.client.types')
051.563  000.117  000.061: require('dapui.client')
051.610  000.046  000.046: require('dap.breakpoints')
051.660  000.041  000.041: require('dapui.client.lib')
051.743  000.046  000.046: require('dapui.render.canvas')
051.745  000.078  000.032: require('dapui.elements.breakpoints')
051.820  000.042  000.042: require('dapui.components.breakpoints')
051.885  000.033  000.033: require('dapui.elements.repl')
051.944  000.056  000.056: require('dapui.elements.scopes')
052.042  000.087  000.087: require('dapui.components.scopes')
052.078  000.034  000.034: require('dapui.components.variables')
052.114  000.026  000.026: require('dapui.elements.stacks')
052.184  000.031  000.031: require('dapui.components.frames')
052.186  000.062  000.031: require('dapui.components.threads')
052.229  000.028  000.028: require('dapui.elements.watches')
052.276  000.034  000.034: require('dapui.components.watches')
052.324  000.030  000.030: require('dapui.elements.hover')
052.364  000.030  000.030: require('dapui.components.hover')
052.399  000.031  000.031: require('dapui.elements.console')
052.520  000.039  000.039: require('utils.dap')
052.722  000.066  000.066: require('dap.ui')
052.738  000.177  000.111: require('dap.repl')
052.876  000.008  000.008: sourcing nvim_exec2() called at /home/biignoisee/.config/nvim/init.lua:0
052.884  000.001  000.001: sourcing nvim_exec2() called at /home/biignoisee/.config/nvim/init.lua:0
053.347  000.452  000.452: require('mini.bufremove')
053.444  000.006  000.006: sourcing nvim_exec2() called at /home/biignoisee/.config/nvim/init.lua:0
053.452  000.001  000.001: sourcing nvim_exec2() called at /home/biignoisee/.config/nvim/init.lua:0
053.817  000.356  000.356: require('mini.trailspace')
054.266  000.281  000.281: require('gitsigns')
054.579  000.285  000.285: require('gitsigns.highlight')
054.687  000.100  000.100: require('gitsigns.debug.log')
054.895  000.207  000.207: require('gitsigns.config')
055.233  000.058  000.058: require('gitsigns.debounce')
055.253  001.311  000.381: sourcing /home/biignoisee/.local/share/nvim/lazy/gitsigns.nvim/plugin/gitsigns.lua
055.260  001.339  000.028: sourcing nvim_exec2() called at /home/biignoisee/.config/nvim/init.lua:0
055.272  000.005  000.005: sourcing nvim_exec2() called at /home/biignoisee/.config/nvim/init.lua:0
055.282  000.001  000.001: sourcing nvim_exec2() called at /home/biignoisee/.config/nvim/init.lua:0
055.554  000.002  000.002: sourcing nvim_exec2() called at /home/biignoisee/.config/nvim/init.lua:0
055.562  000.001  000.001: sourcing nvim_exec2() called at /home/biignoisee/.config/nvim/init.lua:0
055.923  000.055  000.055: require('mason-core.path')
056.145  000.044  000.044: require('mason-core.functional.data')
056.210  000.062  000.062: require('mason-core.functional.function')
056.325  000.109  000.109: require('mason-core.functional.list')
056.387  000.052  000.052: require('mason-core.functional.relation')
056.436  000.046  000.046: require('mason-core.functional.logic')
056.478  000.039  000.039: require('mason-core.functional.number')
056.544  000.059  000.059: require('mason-core.functional.string')
056.624  000.076  000.076: require('mason-core.functional.table')
056.665  000.038  000.038: require('mason-core.functional.type')
056.668  000.673  000.149: require('mason-core.functional')
056.718  000.793  000.120: require('mason-core.platform')
056.791  000.072  000.072: require('mason.settings')
056.797  000.977  000.058: require('mason-core.installer.InstallLocation')
057.020  000.100  000.100: require('mason-core.log')
057.024  000.161  000.061: require('mason-core.EventEmitter')
057.115  000.090  000.090: require('mason-registry.sources')
057.120  000.322  000.072: require('mason-registry')
057.124  001.508  000.208: require('mason')
057.419  000.145  000.145: require('mason.api.command')
057.562  000.009  000.009: sourcing nvim_exec2() called at /home/biignoisee/.config/nvim/init.lua:0
057.572  000.001  000.001: sourcing nvim_exec2() called at /home/biignoisee/.config/nvim/init.lua:0
057.885  000.003  000.003: sourcing nvim_exec2() called at /home/biignoisee/.config/nvim/init.lua:0
057.899  000.001  000.001: sourcing nvim_exec2() called at /home/biignoisee/.config/nvim/init.lua:0
058.397  000.150  000.150: require('vim.lsp.log')
058.933  000.532  000.532: require('vim.lsp.protocol')
059.348  000.409  000.409: require('vim.lsp.util')
059.584  000.082  000.082: require('vim.lsp.sync')
059.609  000.257  000.176: require('vim.lsp._changetracking')
059.846  000.121  000.121: require('vim.lsp._transport')
059.864  000.253  000.132: require('vim.lsp.rpc')
059.957  001.918  000.318: require('vim.lsp')
060.371  000.412  000.412: require('lspconfig.util')
060.409  002.462  000.132: sourcing /home/biignoisee/.local/share/nvim/lazy/nvim-lspconfig/plugin/lspconfig.lua
060.417  002.494  000.032: sourcing nvim_exec2() called at /home/biignoisee/.config/nvim/init.lua:0
060.434  000.008  000.008: sourcing nvim_exec2() called at /home/biignoisee/.config/nvim/init.lua:0
060.458  000.001  000.001: sourcing nvim_exec2() called at /home/biignoisee/.config/nvim/init.lua:0
060.625  000.154  000.154: require('utils.diagnostics')
061.677  000.383  000.383: require('cmp_nvim_lsp.source')
061.684  000.911  000.528: require('cmp_nvim_lsp')
061.838  000.132  000.132: require('servers.lua_ls')
065.098  000.314  000.314: require('servers.jsonls')
065.347  000.234  000.234: require('servers.ts_ls')
065.529  000.161  000.161: require('servers.bashls')
065.717  000.183  000.183: require('servers.dockerls')
066.191  000.436  000.436: require('servers.emmet_ls')
066.669  000.472  000.472: require('servers.yamlls')
066.888  000.187  000.187: require('servers.tailwindcss')
067.157  000.263  000.263: require('servers.intelephense')
067.425  000.177  000.177: require('servers.efm-langserver')
067.665  000.112  000.112: require('efmls-configs.utils')
067.853  000.186  000.186: require('efmls-configs.fs')
067.888  000.462  000.164: require('efmls-configs.linters.luacheck')
068.038  000.149  000.149: require('efmls-configs.formatters.stylua')
068.278  000.239  000.239: require('efmls-configs.formatters.prettier_d')
068.531  000.251  000.251: require('efmls-configs.linters.eslint_d')
068.575  000.042  000.042: require('efmls-configs.formatters.fixjson')
068.617  000.041  000.041: require('efmls-configs.linters.shellcheck')
068.654  000.036  000.036: require('efmls-configs.formatters.shfmt')
068.693  000.037  000.037: require('efmls-configs.linters.hadolint')
068.762  000.068  000.068: require('efmls-configs.linters.phpstan')
068.807  000.044  000.044: require('efmls-configs.formatters.blade_formatter')
068.937  000.075  000.075: require('servers.dap.php')
068.969  008.341  003.427: require('servers')
069.055  000.011  000.011: sourcing nvim_exec2() called at /home/biignoisee/.config/nvim/init.lua:0
069.062  000.001  000.001: sourcing nvim_exec2() called at /home/biignoisee/.config/nvim/init.lua:0
069.409  000.043  000.043: require('lualine_require')
069.660  000.595  000.551: require('lualine')
070.008  000.026  000.026: sourcing nvim_exec2() called at /home/biignoisee/.config/nvim/init.lua:0
070.688  000.026  000.026: sourcing nvim_exec2() called at /home/biignoisee/.config/nvim/init.lua:0
070.707  000.005  000.005: sourcing nvim_exec2() called at /home/biignoisee/.config/nvim/init.lua:0
070.718  000.003  000.003: sourcing nvim_exec2() called at /home/biignoisee/.config/nvim/init.lua:0
070.728  000.002  000.002: sourcing nvim_exec2() called at /home/biignoisee/.config/nvim/init.lua:0
070.736  000.003  000.003: sourcing nvim_exec2() called at /home/biignoisee/.config/nvim/init.lua:0
070.745  000.002  000.002: sourcing nvim_exec2() called at /home/biignoisee/.config/nvim/init.lua:0
070.805  000.003  000.003: sourcing nvim_exec2() called at /home/biignoisee/.config/nvim/init.lua:0
070.813  000.002  000.002: sourcing nvim_exec2() called at /home/biignoisee/.config/nvim/init.lua:0
070.820  000.002  000.002: sourcing nvim_exec2() called at /home/biignoisee/.config/nvim/init.lua:0
070.827  000.002  000.002: sourcing nvim_exec2() called at /home/biignoisee/.config/nvim/init.lua:0
070.850  000.020  000.020: sourcing nvim_exec2() called at /home/biignoisee/.config/nvim/init.lua:0
071.297  000.077  000.077: require('lualine.utils.mode')
071.502  000.009  000.009: sourcing nvim_exec2() called at /home/biignoisee/.config/nvim/init.lua:0
071.509  000.003  000.003: sourcing nvim_exec2() called at /home/biignoisee/.config/nvim/init.lua:0
071.686  000.005  000.005: sourcing nvim_exec2() called at /home/biignoisee/.config/nvim/init.lua:0
071.695  000.002  000.002: sourcing nvim_exec2() called at /home/biignoisee/.config/nvim/init.lua:0
071.712  000.012  000.012: sourcing nvim_exec2() called at /home/biignoisee/.config/nvim/init.lua:0
071.719  000.002  000.002: sourcing nvim_exec2() called at /home/biignoisee/.config/nvim/init.lua:0
071.726  000.002  000.002: sourcing nvim_exec2() called at /home/biignoisee/.config/nvim/init.lua:0
071.733  000.002  000.002: sourcing nvim_exec2() called at /home/biignoisee/.config/nvim/init.lua:0
071.740  000.002  000.002: sourcing nvim_exec2() called at /home/biignoisee/.config/nvim/init.lua:0
071.749  000.002  000.002: sourcing nvim_exec2() called at /home/biignoisee/.config/nvim/init.lua:0
071.771  000.002  000.002: sourcing nvim_exec2() called at /home/biignoisee/.config/nvim/init.lua:0
071.777  000.002  000.002: sourcing nvim_exec2() called at /home/biignoisee/.config/nvim/init.lua:0
071.784  000.002  000.002: sourcing nvim_exec2() called at /home/biignoisee/.config/nvim/init.lua:0
071.789  000.002  000.002: sourcing nvim_exec2() called at /home/biignoisee/.config/nvim/init.lua:0
071.795  000.002  000.002: sourcing nvim_exec2() called at /home/biignoisee/.config/nvim/init.lua:0
071.801  000.002  000.002: sourcing nvim_exec2() called at /home/biignoisee/.config/nvim/init.lua:0
071.811  000.003  000.003: sourcing nvim_exec2() called at /home/biignoisee/.config/nvim/init.lua:0
071.817  000.002  000.002: sourcing nvim_exec2() called at /home/biignoisee/.config/nvim/init.lua:0
071.841  000.002  000.002: sourcing nvim_exec2() called at /home/biignoisee/.config/nvim/init.lua:0
071.847  000.002  000.002: sourcing nvim_exec2() called at /home/biignoisee/.config/nvim/init.lua:0
071.854  000.002  000.002: sourcing nvim_exec2() called at /home/biignoisee/.config/nvim/init.lua:0
071.860  000.002  000.002: sourcing nvim_exec2() called at /home/biignoisee/.config/nvim/init.lua:0
071.865  000.002  000.002: sourcing nvim_exec2() called at /home/biignoisee/.config/nvim/init.lua:0
071.978  000.007  000.007: sourcing nvim_exec2() called at /home/biignoisee/.config/nvim/init.lua:0
071.984  000.002  000.002: sourcing nvim_exec2() called at /home/biignoisee/.config/nvim/init.lua:0
071.988  000.002  000.002: sourcing nvim_exec2() called at /home/biignoisee/.config/nvim/init.lua:0
071.993  000.003  000.003: sourcing nvim_exec2() called at /home/biignoisee/.config/nvim/init.lua:0
072.481  000.009  000.009: sourcing nvim_exec2() called at /home/biignoisee/.config/nvim/init.lua:0
072.491  000.002  000.002: sourcing nvim_exec2() called at /home/biignoisee/.config/nvim/init.lua:0
072.496  000.002  000.002: sourcing nvim_exec2() called at /home/biignoisee/.config/nvim/init.lua:0
072.503  000.002  000.002: sourcing nvim_exec2() called at /home/biignoisee/.config/nvim/init.lua:0
072.509  000.002  000.002: sourcing nvim_exec2() called at /home/biignoisee/.config/nvim/init.lua:0
072.514  000.002  000.002: sourcing nvim_exec2() called at /home/biignoisee/.config/nvim/init.lua:0
072.520  000.002  000.002: sourcing nvim_exec2() called at /home/biignoisee/.config/nvim/init.lua:0
072.530  000.002  000.002: sourcing nvim_exec2() called at /home/biignoisee/.config/nvim/init.lua:0
072.537  000.002  000.002: sourcing nvim_exec2() called at /home/biignoisee/.config/nvim/init.lua:0
072.544  000.002  000.002: sourcing nvim_exec2() called at /home/biignoisee/.config/nvim/init.lua:0
072.551  000.002  000.002: sourcing nvim_exec2() called at /home/biignoisee/.config/nvim/init.lua:0
072.557  000.002  000.002: sourcing nvim_exec2() called at /home/biignoisee/.config/nvim/init.lua:0
072.563  000.002  000.002: sourcing nvim_exec2() called at /home/biignoisee/.config/nvim/init.lua:0
072.569  000.002  000.002: sourcing nvim_exec2() called at /home/biignoisee/.config/nvim/init.lua:0
072.579  000.004  000.004: sourcing nvim_exec2() called at /home/biignoisee/.config/nvim/init.lua:0
072.586  000.002  000.002: sourcing nvim_exec2() called at /home/biignoisee/.config/nvim/init.lua:0
072.593  000.002  000.002: sourcing nvim_exec2() called at /home/biignoisee/.config/nvim/init.lua:0
072.598  000.002  000.002: sourcing nvim_exec2() called at /home/biignoisee/.config/nvim/init.lua:0
072.604  000.002  000.002: sourcing nvim_exec2() called at /home/biignoisee/.config/nvim/init.lua:0
072.609  000.002  000.002: sourcing nvim_exec2() called at /home/biignoisee/.config/nvim/init.lua:0
072.615  000.002  000.002: sourcing nvim_exec2() called at /home/biignoisee/.config/nvim/init.lua:0
072.632  000.002  000.002: sourcing nvim_exec2() called at /home/biignoisee/.config/nvim/init.lua:0
072.638  000.002  000.002: sourcing nvim_exec2() called at /home/biignoisee/.config/nvim/init.lua:0
072.645  000.002  000.002: sourcing nvim_exec2() called at /home/biignoisee/.config/nvim/init.lua:0
072.650  000.002  000.002: sourcing nvim_exec2() called at /home/biignoisee/.config/nvim/init.lua:0
072.656  000.002  000.002: sourcing nvim_exec2() called at /home/biignoisee/.config/nvim/init.lua:0
072.662  000.002  000.002: sourcing nvim_exec2() called at /home/biignoisee/.config/nvim/init.lua:0
072.667  000.002  000.002: sourcing nvim_exec2() called at /home/biignoisee/.config/nvim/init.lua:0
073.282  000.046  000.046: sourcing nvim_exec2() called at /home/biignoisee/.config/nvim/init.lua:0
073.354  000.014  000.014: sourcing nvim_exec2() called at /home/biignoisee/.config/nvim/init.lua:0
073.378  000.019  000.019: sourcing nvim_exec2() called at /home/biignoisee/.config/nvim/init.lua:0
073.390  000.005  000.005: sourcing nvim_exec2() called at /home/biignoisee/.config/nvim/init.lua:0
073.402  000.004  000.004: sourcing nvim_exec2() called at /home/biignoisee/.config/nvim/init.lua:0
073.686  000.038  000.038: sourcing /home/biignoisee/.local/share/nvim/lazy/ccc.nvim/plugin/ccc.vim
073.688  000.075  000.036: sourcing nvim_exec2() called at /home/biignoisee/.config/nvim/init.lua:0
073.694  000.001  000.001: sourcing nvim_exec2() called at /home/biignoisee/.config/nvim/init.lua:0
073.704  000.001  000.001: sourcing nvim_exec2() called at /home/biignoisee/.config/nvim/init.lua:0
074.271  000.061  000.061: require('ccc.utils')
074.289  000.152  000.091: require('ccc.mapping')
074.291  000.581  000.429: require('ccc')
074.342  000.049  000.049: require('ccc.config')
074.531  000.050  000.050: require('ccc.input')
074.535  000.098  000.048: require('ccc.input.rgb')
074.761  000.085  000.085: require('ccc.utils.hsluv')
074.832  000.069  000.069: require('ccc.utils.ok_colorspace')
074.841  000.262  000.108: require('ccc.utils.convert')
074.844  000.306  000.044: require('ccc.input.hsl')
074.890  000.044  000.044: require('ccc.input.cmyk')
074.934  000.041  000.041: require('ccc.output.hex')
074.979  000.043  000.043: require('ccc.output.hex_short')
075.020  000.038  000.038: require('ccc.output.css_rgb')
075.057  000.036  000.036: require('ccc.output.css_hsl')
075.117  000.029  000.029: require('ccc.utils.parse')
075.149  000.031  000.031: require('ccc.utils.pattern')
075.151  000.092  000.031: require('ccc.picker.hex')
075.180  000.027  000.027: require('ccc.picker.css_rgb')
075.209  000.028  000.028: require('ccc.picker.css_hsl')
075.238  000.026  000.026: require('ccc.picker.css_hwb')
075.266  000.026  000.026: require('ccc.picker.css_lab')
075.295  000.027  000.027: require('ccc.picker.css_lch')
075.346  000.027  000.027: require('ccc.picker.css_oklab')
075.374  000.026  000.026: require('ccc.picker.css_oklch')
075.456  000.030  000.030: require('ccc.utils.api')
075.460  000.084  000.054: require('ccc.ui.float')
076.087  000.624  000.624: require('ccc.picker.css_name')
076.126  000.035  000.035: require('ccc.picker.hex_long')
076.150  000.022  000.022: require('ccc.picker.hex_short')
076.176  000.024  000.024: require('ccc.input.hwb')
076.229  000.052  000.052: require('ccc.output.css_hwb')
076.256  000.024  000.024: require('ccc.input.lab')
076.296  000.038  000.038: require('ccc.output.css_lab')
076.320  000.023  000.023: require('ccc.input.lch')
076.345  000.023  000.023: require('ccc.output.css_lch')
076.372  000.026  000.026: require('ccc.input.oklab')
076.396  000.022  000.022: require('ccc.output.css_oklab')
076.420  000.022  000.022: require('ccc.input.oklch')
076.480  000.025  000.025: require('ccc.output.css_oklch')
076.485  002.142  000.212: require('ccc.config.default')
076.594  000.022  000.022: require('ccc.utils.hex')
076.596  000.049  000.027: require('ccc.handler.highlight')
076.597  000.085  000.036: require('ccc.handler.lsp')
076.649  000.030  000.030: require('ccc.core')
076.739  000.044  000.044: require('ccc.utils.array')
076.742  000.078  000.034: require('ccc.color')
076.768  000.025  000.025: require('ccc.color.alpha')
076.841  000.029  000.029: require('ccc.color.prev_colors')
077.047  000.025  000.025: require('ccc.handler.picker')
077.051  000.077  000.052: require('ccc.highlighter')
077.255  000.083  000.083: sourcing /home/biignoisee/.local/share/nvim/lazy/vim-tmux-navigator/plugin/tmux_navigator.vim
077.260  000.117  000.034: sourcing nvim_exec2() called at /home/biignoisee/.config/nvim/init.lua:0
077.266  000.002  000.002: sourcing nvim_exec2() called at /home/biignoisee/.config/nvim/init.lua:0
077.273  000.001  000.001: sourcing nvim_exec2() called at /home/biignoisee/.config/nvim/init.lua:0
077.477  000.002  000.002: sourcing nvim_exec2() called at /home/biignoisee/.config/nvim/init.lua:0
077.483  000.001  000.001: sourcing nvim_exec2() called at /home/biignoisee/.config/nvim/init.lua:0
077.857  000.334  000.334: require('mini.indentscope')
078.155  000.037  000.037: sourcing /usr/local/share/nvim/runtime/plugin/editorconfig.lua
078.159  000.058  000.021: sourcing nvim_exec2() called at /home/biignoisee/.config/nvim/init.lua:0
078.309  000.134  000.134: sourcing /usr/local/share/nvim/runtime/plugin/gzip.vim
078.311  000.148  000.014: sourcing nvim_exec2() called at /home/biignoisee/.config/nvim/init.lua:0
078.367  000.039  000.039: sourcing /usr/local/share/nvim/runtime/plugin/man.lua
078.370  000.054  000.015: sourcing nvim_exec2() called at /home/biignoisee/.config/nvim/init.lua:0
078.841  000.145  000.145: sourcing /usr/local/share/nvim/runtime/pack/dist/opt/matchit/plugin/matchit.vim
078.855  000.468  000.323: sourcing /usr/local/share/nvim/runtime/plugin/matchit.vim
078.857  000.483  000.015: sourcing nvim_exec2() called at /home/biignoisee/.config/nvim/init.lua:0
078.972  000.095  000.095: sourcing /usr/local/share/nvim/runtime/plugin/matchparen.vim
078.975  000.110  000.015: sourcing nvim_exec2() called at /home/biignoisee/.config/nvim/init.lua:0
079.036  000.007  000.007: sourcing /usr/local/share/nvim/runtime/plugin/netrwPlugin.vim
079.040  000.026  000.019: sourcing nvim_exec2() called at /home/biignoisee/.config/nvim/init.lua:0
079.140  000.064  000.064: sourcing /usr/local/share/nvim/runtime/plugin/osc52.lua
079.142  000.079  000.015: sourcing nvim_exec2() called at /home/biignoisee/.config/nvim/init.lua:0
079.301  000.142  000.142: sourcing /usr/local/share/nvim/runtime/plugin/rplugin.vim
079.304  000.158  000.016: sourcing nvim_exec2() called at /home/biignoisee/.config/nvim/init.lua:0
079.363  000.041  000.041: sourcing /usr/local/share/nvim/runtime/plugin/shada.vim
079.365  000.056  000.014: sourcing nvim_exec2() called at /home/biignoisee/.config/nvim/init.lua:0
079.397  000.011  000.011: sourcing /usr/local/share/nvim/runtime/plugin/spellfile.vim
079.399  000.030  000.019: sourcing nvim_exec2() called at /home/biignoisee/.config/nvim/init.lua:0
079.484  000.068  000.068: sourcing /usr/local/share/nvim/runtime/plugin/tarPlugin.vim
079.486  000.084  000.016: sourcing nvim_exec2() called at /home/biignoisee/.config/nvim/init.lua:0
079.548  000.042  000.042: sourcing /usr/local/share/nvim/runtime/plugin/tohtml.lua
079.551  000.061  000.019: sourcing nvim_exec2() called at /home/biignoisee/.config/nvim/init.lua:0
079.582  000.014  000.014: sourcing /usr/local/share/nvim/runtime/plugin/tutor.vim
079.584  000.030  000.016: sourcing nvim_exec2() called at /home/biignoisee/.config/nvim/init.lua:0
079.779  000.098  000.098: sourcing /usr/local/share/nvim/runtime/plugin/zipPlugin.vim
079.782  000.194  000.096: sourcing nvim_exec2() called at /home/biignoisee/.config/nvim/init.lua:0
079.993  000.046  000.046: sourcing /home/biignoisee/.local/share/nvim/lazy/cmp-nvim-lsp/after/plugin/cmp_nvim_lsp.lua
079.996  000.076  000.030: sourcing nvim_exec2() called at /home/biignoisee/.config/nvim/init.lua:0
080.047  076.863  022.409: require('config.lazy')
080.049  076.872  000.009: sourcing /home/biignoisee/.config/nvim/init.lua
080.055  000.319: sourcing vimrc file(s)
080.429  000.037  000.037: sourcing /usr/local/share/nvim/runtime/filetype.lua
080.643  000.059  000.059: sourcing /usr/local/share/nvim/runtime/syntax/synload.vim
080.711  000.241  000.182: sourcing /usr/local/share/nvim/runtime/syntax/syntax.vim
080.724  000.391: inits 3
081.755  001.031: reading ShaDa
081.884  000.129: opening buffers
082.123  000.227  000.227: require('snacks.explorer')
082.477  000.366: BufEnter autocommands
082.482  000.005: editing files in windows
082.529  000.046: --- NVIM STARTED ---

